This is pdfTeX, Version 3.14159265-2.6-1.40.16 (MiKTeX 2.9 64-bit) (preloaded format=pdflatex 2019.2.19)  12 JAN 2021 12:14
entering extended mode
**Documentation.tex
(Documentation.tex
LaTeX2e <2015/10/01> patch level 2
Babel <3.9m> and hyphenation patterns for 69 languages loaded.
("C:\Program Files\Streamed Applications\MiKTeX 2.9\tex\latex\base\article.cls"
Document Class: article 2014/09/29 v1.4h Standard LaTeX document class
("C:\Program Files\Streamed Applications\MiKTeX 2.9\tex\latex\base\size10.clo"
File: size10.clo 2014/09/29 v1.4h Standard LaTeX file (size option)
)
\c@part=\count79
\c@section=\count80
\c@subsection=\count81
\c@subsubsection=\count82
\c@paragraph=\count83
\c@subparagraph=\count84
\c@figure=\count85
\c@table=\count86
\abovecaptionskip=\skip41
\belowcaptionskip=\skip42
\bibindent=\dimen102
)
("C:\Program Files\Streamed Applications\MiKTeX 2.9\tex\latex\geometry\geometry
.sty"
Package: geometry 2010/09/12 v5.6 Page Geometry

("C:\Program Files\Streamed Applications\MiKTeX 2.9\tex\latex\graphics\keyval.s
ty"
Package: keyval 2014/10/28 v1.15 key=value parser (DPC)
\KV@toks@=\toks14
)
("C:\Program Files\Streamed Applications\MiKTeX 2.9\tex\generic\oberdiek\ifpdf.
sty"
Package: ifpdf 2011/01/30 v2.3 Provides the ifpdf switch (HO)
Package ifpdf Info: pdfTeX in PDF mode is detected.
)
("C:\Program Files\Streamed Applications\MiKTeX 2.9\tex\generic\oberdiek\ifvtex
.sty"
Package: ifvtex 2010/03/01 v1.5 Detect VTeX and its facilities (HO)
Package ifvtex Info: VTeX not detected.
)
("C:\Program Files\Streamed Applications\MiKTeX 2.9\tex\generic\ifxetex\ifxetex
.sty"
Package: ifxetex 2010/09/12 v0.6 Provides ifxetex conditional
)
\Gm@cnth=\count87
\Gm@cntv=\count88
\c@Gm@tempcnt=\count89
\Gm@bindingoffset=\dimen103
\Gm@wd@mp=\dimen104
\Gm@odd@mp=\dimen105
\Gm@even@mp=\dimen106
\Gm@layoutwidth=\dimen107
\Gm@layoutheight=\dimen108
\Gm@layouthoffset=\dimen109
\Gm@layoutvoffset=\dimen110
\Gm@dimlist=\toks15

("C:\Program Files\Streamed Applications\MiKTeX 2.9\tex\latex\geometry\geometry
.cfg"))
("C:\Program Files\Streamed Applications\MiKTeX 2.9\tex\latex\graphics\graphicx
.sty"
Package: graphicx 2014/10/28 v1.0g Enhanced LaTeX Graphics (DPC,SPQR)

("C:\Program Files\Streamed Applications\MiKTeX 2.9\tex\latex\graphics\graphics
.sty"
Package: graphics 2014/10/28 v1.0p Standard LaTeX Graphics (DPC,SPQR)

("C:\Program Files\Streamed Applications\MiKTeX 2.9\tex\latex\graphics\trig.sty
"
Package: trig 1999/03/16 v1.09 sin cos tan (DPC)
)
("C:\Program Files\Streamed Applications\MiKTeX 2.9\tex\latex\00miktex\graphics
.cfg"
File: graphics.cfg 2007/01/18 v1.5 graphics configuration of teTeX/TeXLive
)
Package graphics Info: Driver file: pdftex.def on input line 94.

("C:\Program Files\Streamed Applications\MiKTeX 2.9\tex\latex\pdftex-def\pdftex
.def"
File: pdftex.def 2011/05/27 v0.06d Graphics/color for pdfTeX

("C:\Program Files\Streamed Applications\MiKTeX 2.9\tex\generic\oberdiek\infwar
err.sty"
Package: infwarerr 2010/04/08 v1.3 Providing info/warning/error messages (HO)
)
("C:\Program Files\Streamed Applications\MiKTeX 2.9\tex\generic\oberdiek\ltxcmd
s.sty"
Package: ltxcmds 2011/11/09 v1.22 LaTeX kernel commands for general use (HO)
)
\Gread@gobject=\count90
))
\Gin@req@height=\dimen111
\Gin@req@width=\dimen112
)
("C:\Program Files\Streamed Applications\MiKTeX 2.9\tex\latex\float\float.sty"
Package: float 2001/11/08 v1.3d Float enhancements (AL)
\c@float@type=\count91
\float@exts=\toks16
\float@box=\box26
\@float@everytoks=\toks17
\@floatcapt=\box27
)
("C:\Program Files\Streamed Applications\MiKTeX 2.9\tex\latex\hyperref\hyperref
.sty"
Package: hyperref 2012/11/06 v6.83m Hypertext links for LaTeX

("C:\Program Files\Streamed Applications\MiKTeX 2.9\tex\generic\oberdiek\hobsub
-hyperref.sty"
Package: hobsub-hyperref 2012/04/25 v1.12 Bundle oberdiek, subset hyperref (HO)


("C:\Program Files\Streamed Applications\MiKTeX 2.9\tex\generic\oberdiek\hobsub
-generic.sty"
Package: hobsub-generic 2012/04/25 v1.12 Bundle oberdiek, subset generic (HO)
Package: hobsub 2012/04/25 v1.12 Construct package bundles (HO)
Package hobsub Info: Skipping package `infwarerr' (already loaded).
Package hobsub Info: Skipping package `ltxcmds' (already loaded).
Package: ifluatex 2010/03/01 v1.3 Provides the ifluatex switch (HO)
Package ifluatex Info: LuaTeX not detected.
Package hobsub Info: Skipping package `ifvtex' (already loaded).
Package: intcalc 2007/09/27 v1.1 Expandable calculations with integers (HO)
Package hobsub Info: Skipping package `ifpdf' (already loaded).
Package: etexcmds 2011/02/16 v1.5 Avoid name clashes with e-TeX commands (HO)
Package etexcmds Info: Could not find \expanded.
(etexcmds)             That can mean that you are not using pdfTeX 1.50 or
(etexcmds)             that some package has redefined \expanded.
(etexcmds)             In the latter case, load this package earlier.
Package: kvsetkeys 2012/04/25 v1.16 Key value parser (HO)
Package: kvdefinekeys 2011/04/07 v1.3 Define keys (HO)
Package: pdftexcmds 2011/11/29 v0.20 Utility functions of pdfTeX for LuaTeX (HO
)
Package pdftexcmds Info: LuaTeX not detected.
Package pdftexcmds Info: \pdf@primitive is available.
Package pdftexcmds Info: \pdf@ifprimitive is available.
Package pdftexcmds Info: \pdfdraftmode found.
Package: pdfescape 2011/11/25 v1.13 Implements pdfTeX's escape features (HO)
Package: bigintcalc 2012/04/08 v1.3 Expandable calculations on big integers (HO
)
Package: bitset 2011/01/30 v1.1 Handle bit-vector datatype (HO)
Package: uniquecounter 2011/01/30 v1.2 Provide unlimited unique counter (HO)
)
Package hobsub Info: Skipping package `hobsub' (already loaded).
Package: letltxmacro 2010/09/02 v1.4 Let assignment for LaTeX macros (HO)
Package: hopatch 2011/06/24 v1.1 Wrapper for package hooks (HO)
Package: xcolor-patch 2011/01/30 xcolor patch
Package: atveryend 2011/06/30 v1.8 Hooks at the very end of document (HO)
Package atveryend Info: \enddocument detected (standard20110627).
Package: atbegshi 2011/10/05 v1.16 At begin shipout hook (HO)
Package: refcount 2011/10/16 v3.4 Data extraction from label references (HO)
Package: hycolor 2011/01/30 v1.7 Color options for hyperref/bookmark (HO)
)
("C:\Program Files\Streamed Applications\MiKTeX 2.9\tex\latex\oberdiek\auxhook.
sty"
Package: auxhook 2011/03/04 v1.3 Hooks for auxiliary files (HO)
)
("C:\Program Files\Streamed Applications\MiKTeX 2.9\tex\latex\oberdiek\kvoption
s.sty"
Package: kvoptions 2011/06/30 v3.11 Key value format for package options (HO)
)
\@linkdim=\dimen113
\Hy@linkcounter=\count92
\Hy@pagecounter=\count93

("C:\Program Files\Streamed Applications\MiKTeX 2.9\tex\latex\hyperref\pd1enc.d
ef"
File: pd1enc.def 2012/11/06 v6.83m Hyperref: PDFDocEncoding definition (HO)
)
\Hy@SavedSpaceFactor=\count94

("C:\Program Files\Streamed Applications\MiKTeX 2.9\tex\latex\00miktex\hyperref
.cfg"
File: hyperref.cfg 2002/06/06 v1.2 hyperref configuration of TeXLive
)
Package hyperref Info: Hyper figures OFF on input line 4443.
Package hyperref Info: Link nesting OFF on input line 4448.
Package hyperref Info: Hyper index ON on input line 4451.
Package hyperref Info: Plain pages OFF on input line 4458.
Package hyperref Info: Backreferencing OFF on input line 4463.
Package hyperref Info: Implicit mode ON; LaTeX internals redefined.
Package hyperref Info: Bookmarks ON on input line 4688.
\c@Hy@tempcnt=\count95
 ("C:\Program Files\Streamed Applications\MiKTeX 2.9\tex\latex\url\url.sty"
\Urlmuskip=\muskip10
Package: url 2013/09/16  ver 3.4  Verb mode for urls, etc.
)
LaTeX Info: Redefining \url on input line 5041.
\XeTeXLinkMargin=\dimen114
\Fld@menulength=\count96
\Field@Width=\dimen115
\Fld@charsize=\dimen116
Package hyperref Info: Hyper figures OFF on input line 6295.
Package hyperref Info: Link nesting OFF on input line 6300.
Package hyperref Info: Hyper index ON on input line 6303.
Package hyperref Info: backreferencing OFF on input line 6310.
Package hyperref Info: Link coloring OFF on input line 6315.
Package hyperref Info: Link coloring with OCG OFF on input line 6320.
Package hyperref Info: PDF/A mode OFF on input line 6325.
LaTeX Info: Redefining \ref on input line 6365.
LaTeX Info: Redefining \pageref on input line 6369.
\Hy@abspage=\count97
\c@Item=\count98
\c@Hfootnote=\count99
)

Package hyperref Message: Driver (autodetected): hpdftex.


("C:\Program Files\Streamed Applications\MiKTeX 2.9\tex\latex\hyperref\hpdftex.
def"
File: hpdftex.def 2012/11/06 v6.83m Hyperref driver for pdfTeX
\Fld@listcount=\count100
\c@bookmark@seq@number=\count101

("C:\Program Files\Streamed Applications\MiKTeX 2.9\tex\latex\oberdiek\rerunfil
echeck.sty"
Package: rerunfilecheck 2011/04/15 v1.7 Rerun checks for auxiliary files (HO)
Package uniquecounter Info: New unique counter `rerunfilecheck' on input line 2
82.
)
\Hy@SectionHShift=\skip43
)
("C:\Program Files\Streamed Applications\MiKTeX 2.9\tex\latex\listings\listings
.sty"
\lst@mode=\count102
\lst@gtempboxa=\box28
\lst@token=\toks18
\lst@length=\count103
\lst@currlwidth=\dimen117
\lst@column=\count104
\lst@pos=\count105
\lst@lostspace=\dimen118
\lst@width=\dimen119
\lst@newlines=\count106
\lst@lineno=\count107
\lst@maxwidth=\dimen120

("C:\Program Files\Streamed Applications\MiKTeX 2.9\tex\latex\listings\lstmisc.
sty"
File: lstmisc.sty 2015/06/04 1.6 (Carsten Heinz)
\c@lstnumber=\count108
\lst@skipnumbers=\count109
\lst@framebox=\box29
)
("C:\Program Files\Streamed Applications\MiKTeX 2.9\tex\latex\listings\listings
.cfg"
File: listings.cfg 2015/06/04 1.6 listings configuration
))
Package: listings 2015/06/04 1.6 (Carsten Heinz)


LaTeX Warning: Unused global option(s):
    [8pt].

(Documentation.aux)
LaTeX Font Info:    Checking defaults for OML/cmm/m/it on input line 9.
LaTeX Font Info:    ... okay on input line 9.
LaTeX Font Info:    Checking defaults for T1/cmr/m/n on input line 9.
LaTeX Font Info:    ... okay on input line 9.
LaTeX Font Info:    Checking defaults for OT1/cmr/m/n on input line 9.
LaTeX Font Info:    ... okay on input line 9.
LaTeX Font Info:    Checking defaults for OMS/cmsy/m/n on input line 9.
LaTeX Font Info:    ... okay on input line 9.
LaTeX Font Info:    Checking defaults for OMX/cmex/m/n on input line 9.
LaTeX Font Info:    ... okay on input line 9.
LaTeX Font Info:    Checking defaults for U/cmr/m/n on input line 9.
LaTeX Font Info:    ... okay on input line 9.
LaTeX Font Info:    Checking defaults for PD1/pdf/m/n on input line 9.
LaTeX Font Info:    ... okay on input line 9.

*geometry* driver: auto-detecting
*geometry* detected driver: pdftex
*geometry* verbose mode - [ preamble ] result:
* driver: pdftex
* paper: a4paper
* layout: <same size as paper>
* layoutoffset:(h,v)=(0.0pt,0.0pt)
* modes: 
* h-part:(L,W,R)=(56.9055pt, 483.69684pt, 56.90553pt)
* v-part:(T,H,B)=(56.9055pt, 731.23582pt, 56.90552pt)
* \paperwidth=597.50787pt
* \paperheight=845.04684pt
* \textwidth=483.69684pt
* \textheight=731.23582pt
* \oddsidemargin=-15.36449pt
* \evensidemargin=-15.36449pt
* \topmargin=-52.36449pt
* \headheight=12.0pt
* \headsep=25.0pt
* \topskip=10.0pt
* \footskip=30.0pt
* \marginparwidth=57.0pt
* \marginparsep=11.0pt
* \columnsep=10.0pt
* \skip\footins=9.0pt plus 4.0pt minus 2.0pt
* \hoffset=0.0pt
* \voffset=0.0pt
* \mag=1000
* \@twocolumnfalse
* \@twosidefalse
* \@mparswitchfalse
* \@reversemarginfalse
* (1in=72.27pt=25.4mm, 1cm=28.453pt)


("C:\Program Files\Streamed Applications\MiKTeX 2.9\tex\context\base\supp-pdf.m
kii"
[Loading MPS to PDF converter (version 2006.09.02).]
\scratchcounter=\count110
\scratchdimen=\dimen121
\scratchbox=\box30
\nofMPsegments=\count111
\nofMParguments=\count112
\everyMPshowfont=\toks19
\MPscratchCnt=\count113
\MPscratchDim=\dimen122
\MPnumerator=\count114
\makeMPintoPDFobject=\count115
\everyMPtoPDFconversion=\toks20
)
\AtBeginShipoutBox=\box31
Package hyperref Info: Link coloring OFF on input line 9.

("C:\Program Files\Streamed Applications\MiKTeX 2.9\tex\latex\hyperref\nameref.
sty"
Package: nameref 2012/10/27 v2.43 Cross-referencing by name of section

("C:\Program Files\Streamed Applications\MiKTeX 2.9\tex\generic\oberdiek\gettit
lestring.sty"
Package: gettitlestring 2010/12/03 v1.4 Cleanup title references (HO)
)
\c@section@level=\count116
)
LaTeX Info: Redefining \ref on input line 9.
LaTeX Info: Redefining \pageref on input line 9.
LaTeX Info: Redefining \nameref on input line 9.
 (Documentation.out) (Documentation.out)
\@outlinefile=\write3
\c@lstlisting=\count117
LaTeX Font Info:    External font `cmex10' loaded for size
(Font)              <12> on input line 15.
LaTeX Font Info:    External font `cmex10' loaded for size
(Font)              <8> on input line 15.
LaTeX Font Info:    External font `cmex10' loaded for size
(Font)              <6> on input line 15.
LaTeX Font Info:    Try loading font information for OMS+cmr on input line 21.

("C:\Program Files\Streamed Applications\MiKTeX 2.9\tex\latex\base\omscmr.fd"
File: omscmr.fd 2014/09/29 v2.5h Standard LaTeX font definitions
)
LaTeX Font Info:    Font shape `OMS/cmr/m/n' in size <10> not available
(Font)              Font shape `OMS/cmsy/m/n' tried instead on input line 21.
LaTeX Font Info:    External font `cmex10' loaded for size
(Font)              <7> on input line 28.
LaTeX Font Info:    External font `cmex10' loaded for size
(Font)              <5> on input line 28.

Overfull \hbox (37.71666pt too wide) in paragraph at lines 28--29
\OT1/cmr/m/n/10 or you can copy and paste this []\OT1/cmtt/m/n/10 https://web.m
icrosoftstream.com/video/7f82516f-c8d7-4af7-9546-ee9eb85d3bd6\OT1/cmr/m/n/10 . 

 []

<buggy_front.jpg, id=49, 2537.48pt x 3472.975pt>
File: buggy_front.jpg Graphic file (type jpg)
 <use buggy_front.jpg>
Package pdftex.def Info: buggy_front.jpg used on input line 36.
(pdftex.def)             Requested size: 142.25278pt x 113.77654pt.

<Buggy_rear.jpg, id=50, 2262.4525pt x 3141.7375pt>
File: Buggy_rear.jpg Graphic file (type jpg)
 <use Buggy_rear.jpg>
Package pdftex.def Info: Buggy_rear.jpg used on input line 37.
(pdftex.def)             Requested size: 142.23146pt x 113.80716pt.

<schematic.png, id=51, 1582.713pt x 1255.089pt>
File: schematic.png Graphic file (type png)
 <use schematic.png>
Package pdftex.def Info: schematic.png used on input line 48.
(pdftex.def)             Requested size: 284.5138pt x 199.15219pt.
 [1

{C:/Users/james user/AppData/Local/MiKTeX/2.9/pdftex/config/pdftex.map} <./bugg
y_front.jpg> <./Buggy_rear.jpg>] <Arch.png, id=65, 659.46375pt x 388.45125pt>
File: Arch.png Graphic file (type png)

<use Arch.png>
Package pdftex.def Info: Arch.png used on input line 54.
(pdftex.def)             Requested size: 284.52989pt x 199.17441pt.
 <tabs.png, id=66, 827.34094pt x 27.10126pt>
File: tabs.png Graphic file (type png)
 <use tabs.png>
Package pdftex.def Info: tabs.png used on input line 61.
(pdftex.def)             Requested size: 483.69684pt x 15.84485pt.

[2 <./schematic.png> <./Arch.png> <./tabs.png>] [3]
<bluetooth.png, id=81, 195.73125pt x 164.86594pt>
File: bluetooth.png Graphic file (type png)
 <use bluetooth.png>
Package pdftex.def Info: bluetooth.png used on input line 107.
(pdftex.def)             Requested size: 170.72682pt x 142.26744pt.

<standard_wifi.png, id=82, 215.30438pt x 149.8097pt>
File: standard_wifi.png Graphic file (type png)
 <use standard_wifi.png>
Package pdftex.def Info: standard_wifi.png used on input line 108.
(pdftex.def)             Requested size: 170.71936pt x 142.27495pt.

<blynk1.png, id=83, 286.82156pt x 162.6075pt>
File: blynk1.png Graphic file (type png)
 <use blynk1.png>
Package pdftex.def Info: blynk1.png used on input line 118.
(pdftex.def)             Requested size: 170.72002pt x 142.27376pt.

<blynk2.png, id=84, 210.7875pt x 137.7647pt>
File: blynk2.png Graphic file (type png)
 <use blynk2.png>
Package pdftex.def Info: blynk2.png used on input line 119.
(pdftex.def)             Requested size: 170.72086pt x 142.27759pt.

<multicore.png, id=85, 428.35031pt x 71.51718pt>
File: multicore.png Graphic file (type png)
 <use multicore.png>
Package pdftex.def Info: multicore.png used on input line 128.
(pdftex.def)             Requested size: 426.79366pt x 113.81215pt.
 [4 <./bluetooth.png> <./standard_wifi.png> <./blynk1.png> <./blynk2.png>]
<main_loop.png, id=98, 137.01187pt x 109.91063pt>
File: main_loop.png Graphic file (type png)
 <use main_loop.png>
Package pdftex.def Info: main_loop.png used on input line 136.
(pdftex.def)             Requested size: 137.01154pt x 109.91034pt.

<read_message.png, id=99, 210.03468pt x 94.85437pt>
File: read_message.png Graphic file (type png)
 <use read_message.png>
Package pdftex.def Info: read_message.png used on input line 137.
(pdftex.def)             Requested size: 252.01471pt x 113.81102pt.

<layer.png, id=100, 196.48407pt x 229.60782pt>
File: layer.png Graphic file (type png)
 <use layer.png>
Package pdftex.def Info: layer.png used on input line 146.
(pdftex.def)             Requested size: 196.48358pt x 229.60725pt.
 [5 <./multicore.png> <./main_loop.png> <./read_message.png> <./layer.png>]
<cover.jpg, id=113, 963.6pt x 1284.8pt>
File: cover.jpg Graphic file (type jpg)
 <use cover.jpg>
Package pdftex.def Info: cover.jpg used on input line 161.
(pdftex.def)             Requested size: 113.80379pt x 142.24985pt.

<unstable.jpg, id=114, 963.6pt x 1284.8pt>
File: unstable.jpg Graphic file (type jpg)
 <use unstable.jpg>
Package pdftex.def Info: unstable.jpg used on input line 162.
(pdftex.def)             Requested size: 113.80379pt x 142.24985pt.

<red_led_disconnect.png, id=115, 722.7pt x 1284.8pt>
File: red_led_disconnect.png Graphic file (type png)

<use red_led_disconnect.png>
Package pdftex.def Info: red_led_disconnect.png used on input line 177.
(pdftex.def)             Requested size: 113.80379pt x 142.24985pt.
 <red_led.jpg, id=116, 4047.12pt x 3035.34pt>
File: red_led.jpg Graphic file (type jpg)

<use red_led.jpg>
Package pdftex.def Info: red_led.jpg used on input line 178.
(pdftex.def)             Requested size: 113.75085pt x 142.2349pt.
 [6 <./cover.jpg> <./unstable.jpg>] [7 <./red_led_disconnect.png> <./red_led.jp
g>] <BLE_term.png, id=132, 722.7pt x 1284.8pt>
File: BLE_term.png Graphic file (type png)

<use BLE_term.png>
Package pdftex.def Info: BLE_term.png used on input line 257.
(pdftex.def)             Requested size: 113.80379pt x 142.24985pt.
 <blynk_term2.png, id=133, 752.8125pt x 1339.0025pt>
File: blynk_term2.png Graphic file (type png)

<use blynk_term2.png>
Package pdftex.def Info: blynk_term2.png used on input line 258.
(pdftex.def)             Requested size: 113.8015pt x 142.26457pt.
 <blynk_term.png, id=134, 752.8125pt x 1339.0025pt>
File: blynk_term.png Graphic file (type png)

<use blynk_term.png>
Package pdftex.def Info: blynk_term.png used on input line 259.
(pdftex.def)             Requested size: 113.8015pt x 142.26457pt.
 <BLE_term2.png, id=135, 722.7pt x 1284.8pt>
File: BLE_term2.png Graphic file (type png)

<use BLE_term2.png>
Package pdftex.def Info: BLE_term2.png used on input line 260.
(pdftex.def)             Requested size: 113.80379pt x 142.24985pt.
 [8] [9 <./BLE_term.png> <./blynk_term2.png> <./blynk_term.png> <./BLE_term2.pn
g>] (Documentation.lof)
\tf@lof=\write4
Missing character: There is no â in font cmr10!
Missing character: There is no € in font cmr10!
Missing character: There is no ™ in font cmr10!
 [10]
Missing character: There is no â in font cmr10!
Missing character: There is no € in font cmr10!
Missing character: There is no ™ in font cmr10!
Missing character: There is no â in font cmr10!
Missing character: There is no € in font cmr10!
Missing character: There is no ™ in font cmr10!
Missing character: There is no â in font cmr10!
Missing character: There is no € in font cmr10!
Missing character: There is no ™ in font cmr10!
Missing character: There is no â in font cmr10!
Missing character: There is no € in font cmr10!
Missing character: There is no ™ in font cmr10!
Missing character: There is no â in font cmr10!
Missing character: There is no € in font cmr10!
Missing character: There is no ™ in font cmr10!
Missing character: There is no â in font cmr10!
Missing character: There is no € in font cmr10!
Missing character: There is no ™ in font cmr10!
 [11]
Package atveryend Info: Empty hook `BeforeClearDocument' on input line 338.
 [12]
Package atveryend Info: Empty hook `AfterLastShipout' on input line 338.
 (Documentation.aux)
Package atveryend Info: Executing hook `AtVeryEndDocument' on input line 338.
Package atveryend Info: Executing hook `AtEndAfterFileList' on input line 338.
Package rerunfilecheck Info: File `Documentation.out' has not changed.
(rerunfilecheck)             Checksum: 1E23CF501B9B43F7B85B46E064723D88;591.
Package atveryend Info: Empty hook `AtVeryVeryEnd' on input line 338.
 ) 
Here is how much of TeX's memory you used:
 6800 strings out of 493636
 102001 string characters out of 3134829
 195437 words of memory out of 3000000
 10080 multiletter control sequences out of 15000+200000
 8370 words of font info for 30 fonts, out of 3000000 for 9000
 1025 hyphenation exceptions out of 8191
 29i,8n,32p,1347b,385s stack positions out of 5000i,500n,10000p,200000b,50000s
<C:/Program Files/Streamed Applications/MiKTeX 2.9/fonts/type1/public/amsfont
s/cm/cmbx10.pfb><C:/Program Files/Streamed Applications/MiKTeX 2.9/fonts/type1/
public/amsfonts/cm/cmbx12.pfb><C:/Program Files/Streamed Applications/MiKTeX 2.
9/fonts/type1/public/amsfonts/cm/cmmi10.pfb><C:/Program Files/Streamed Applicat
ions/MiKTeX 2.9/fonts/type1/public/amsfonts/cm/cmr10.pfb><C:/Program Files/Stre
amed Applications/MiKTeX 2.9/fonts/type1/public/amsfonts/cm/cmsy10.pfb><C:/Prog
ram Files/Streamed Applications/MiKTeX 2.9/fonts/type1/public/amsfonts/cm/cmsy7
.pfb><C:/Program Files/Streamed Applications/MiKTeX 2.9/fonts/type1/public/amsf
onts/cm/cmtt10.pfb>
Output written on Documentation.pdf (12 pages, 7218387 bytes).
PDF statistics:
 220 PDF objects out of 1000 (max. 8388607)
 45 named destinations out of 1000 (max. 500000)
 194 words of extra memory for PDF output out of 10000 (max. 10000000)

